Flow report for top
Fri Dec 26 16:28:01 2025
Quartus II 64-Bit Version 13.0.1 Build 232 06/12/2013 Service Pack 1 SJ Web Edition


---------------------
; Table of Contents ;
---------------------
  1. Legal Notice
  2. Flow Summary
  3. Flow Settings
  4. Flow Non-Default Global Settings
  5. Flow Elapsed Time
  6. Flow OS Summary
  7. Flow Log
  8. Flow Messages
  9. Flow Suppressed Messages



----------------
; Legal Notice ;
----------------
Copyright (C) 1991-2013 Altera Corporation
Your use of Altera Corporation's design tools, logic functions 
and other software and tools, and its AMPP partner logic 
functions, and any output files from any of the foregoing 
(including device programming or simulation files), and any 
associated documentation or information are expressly subject 
to the terms and conditions of the Altera Program License 
Subscription Agreement, Altera MegaCore Function License 
Agreement, or other applicable license agreement, including, 
without limitation, that your use is for the sole purpose of 
programming logic devices manufactured by Altera and sold by 
Altera or its authorized distributors.  Please refer to the 
applicable agreement for further details.



+--------------------------------------------------------------------------------------+
; Flow Summary                                                                         ;
+------------------------------------+-------------------------------------------------+
; Flow Status                        ; Successful - Fri Dec 26 16:28:01 2025           ;
; Quartus II 64-Bit Version          ; 13.0.1 Build 232 06/12/2013 SP 1 SJ Web Edition ;
; Revision Name                      ; top                                             ;
; Top-level Entity Name              ; Block1                                          ;
; Family                             ; Cyclone III                                     ;
; Device                             ; EP3C55F484C8                                    ;
; Timing Models                      ; Final                                           ;
; Total logic elements               ; 270 / 55,856 ( < 1 % )                          ;
;     Total combinational functions  ; 261 / 55,856 ( < 1 % )                          ;
;     Dedicated logic registers      ; 164 / 55,856 ( < 1 % )                          ;
; Total registers                    ; 164                                             ;
; Total pins                         ; 27 / 328 ( 8 % )                                ;
; Total virtual pins                 ; 0                                               ;
; Total memory bits                  ; 0 / 2,396,160 ( 0 % )                           ;
; Embedded Multiplier 9-bit elements ; 0 / 312 ( 0 % )                                 ;
; Total PLLs                         ; 0 / 4 ( 0 % )                                   ;
+------------------------------------+-------------------------------------------------+


+-----------------------------------------+
; Flow Settings                           ;
+-------------------+---------------------+
; Option            ; Setting             ;
+-------------------+---------------------+
; Start date & time ; 12/26/2025 16:27:43 ;
; Main task         ; Compilation         ;
; Revision Name     ; top                 ;
+-------------------+---------------------+


+--------------------------------------------------------------------------------------------------------------------------+
; Flow Non-Default Global Settings                                                                                         ;
+--------------------------------------+---------------------------------+---------------+-------------+-------------------+
; Assignment Name                      ; Value                           ; Default Value ; Entity Name ; Section Id        ;
+--------------------------------------+---------------------------------+---------------+-------------+-------------------+
; COMPILER_SIGNATURE_ID                ; 119071798382041.176673766307320 ; --            ; --          ; --                ;
; EDA_DESIGN_INSTANCE_NAME             ; NA                              ; --            ; --          ; tb_key_matrix_4x4 ;
; EDA_GENERATE_FUNCTIONAL_NETLIST      ; On                              ; --            ; --          ; eda_simulation    ;
; EDA_NATIVELINK_SIMULATION_TEST_BENCH ; tb_key_matrix_4x4               ; --            ; --          ; eda_simulation    ;
; EDA_OUTPUT_DATA_FORMAT               ; Verilog Hdl                     ; --            ; --          ; eda_simulation    ;
; EDA_RUN_TOOL_AUTOMATICALLY           ; Off                             ; --            ; --          ; eda_simulation    ;
; EDA_SIMULATION_TOOL                  ; ModelSim-Altera (Verilog)       ; <None>        ; --          ; --                ;
; EDA_TEST_BENCH_ENABLE_STATUS         ; NOT_USED                        ; --            ; --          ; eda_simulation    ;
; EDA_TEST_BENCH_FILE                  ; tb_key_matrix_4x4.v             ; --            ; --          ; tb_key_matrix_4x4 ;
; EDA_TEST_BENCH_MODULE_NAME           ; tb_key_matrix_4x4               ; --            ; --          ; tb_key_matrix_4x4 ;
; EDA_TEST_BENCH_NAME                  ; tb_key_matrix_4x4               ; --            ; --          ; eda_simulation    ;
; EDA_TIME_SCALE                       ; 1 ps                            ; --            ; --          ; eda_simulation    ;
; MAX_CORE_JUNCTION_TEMP               ; 85                              ; --            ; --          ; --                ;
; MIN_CORE_JUNCTION_TEMP               ; 0                               ; --            ; --          ; --                ;
; NOMINAL_CORE_SUPPLY_VOLTAGE          ; 1.2V                            ; --            ; --          ; --                ;
; PARTITION_COLOR                      ; 16764057                        ; --            ; Block1      ; Top               ;
; PARTITION_FITTER_PRESERVATION_LEVEL  ; PLACEMENT_AND_ROUTING           ; --            ; Block1      ; Top               ;
; PARTITION_NETLIST_TYPE               ; SOURCE                          ; --            ; Block1      ; Top               ;
; PROJECT_OUTPUT_DIRECTORY             ; output_files                    ; --            ; --          ; --                ;
; TOP_LEVEL_ENTITY                     ; Block1                          ; top           ; --          ; --                ;
+--------------------------------------+---------------------------------+---------------+-------------+-------------------+


+-------------------------------------------------------------------------------------------------------------------------------+
; Flow Elapsed Time                                                                                                             ;
+---------------------------+--------------+-------------------------+---------------------+------------------------------------+
; Module Name               ; Elapsed Time ; Average Processors Used ; Peak Virtual Memory ; Total CPU Time (on all processors) ;
+---------------------------+--------------+-------------------------+---------------------+------------------------------------+
; Analysis & Synthesis      ; 00:00:02     ; 1.0                     ; 4574 MB             ; 00:00:01                           ;
; Fitter                    ; 00:00:09     ; 1.0                     ; 4978 MB             ; 00:00:09                           ;
; Assembler                 ; 00:00:02     ; 1.0                     ; 4554 MB             ; 00:00:02                           ;
; TimeQuest Timing Analyzer ; 00:00:02     ; 1.0                     ; 4618 MB             ; 00:00:02                           ;
; EDA Netlist Writer        ; 00:00:00     ; 1.0                     ; 4505 MB             ; 00:00:00                           ;
; Total                     ; 00:00:15     ; --                      ; --                  ; 00:00:14                           ;
+---------------------------+--------------+-------------------------+---------------------+------------------------------------+


+----------------------------------------------------------------------------------------+
; Flow OS Summary                                                                        ;
+---------------------------+------------------+-----------+------------+----------------+
; Module Name               ; Machine Hostname ; OS Name   ; OS Version ; Processor type ;
+---------------------------+------------------+-----------+------------+----------------+
; Analysis & Synthesis      ; 505-13           ; Windows 7 ; 6.2        ; x86_64         ;
; Fitter                    ; 505-13           ; Windows 7 ; 6.2        ; x86_64         ;
; Assembler                 ; 505-13           ; Windows 7 ; 6.2        ; x86_64         ;
; TimeQuest Timing Analyzer ; 505-13           ; Windows 7 ; 6.2        ; x86_64         ;
; EDA Netlist Writer        ; 505-13           ; Windows 7 ; 6.2        ; x86_64         ;
+---------------------------+------------------+-----------+------------+----------------+


------------
; Flow Log ;
------------
quartus_map --read_settings_files=on --write_settings_files=off top -c top
quartus_fit --read_settings_files=off --write_settings_files=off top -c top
quartus_asm --read_settings_files=off --write_settings_files=off top -c top
quartus_sta top -c top
quartus_eda --read_settings_files=off --write_settings_files=off top -c top



